2025-05-01T12:49:37.482+05:30  INFO 5460 --- [demo] [main] com.example.demo.DemoApplication         : Starting DemoApplication using Java 21.0.4 with PID 5460 (D:\spring boot project vs-code\demo\target\classes started by Pratik in D:\spring boot project vs-code\demo)
2025-05-01T12:49:37.489+05:30  INFO 5460 --- [demo] [main] com.example.demo.DemoApplication         : No active profile set, falling back to 1 default profile: "default"
2025-05-01T12:49:38.113+05:30  INFO 5460 --- [demo] [main] .s.d.r.c.RepositoryConfigurationDelegate : Bootstrapping Spring Data JPA repositories in DEFAULT mode.
2025-05-01T12:49:38.178+05:30  INFO 5460 --- [demo] [main] .s.d.r.c.RepositoryConfigurationDelegate : Finished Spring Data repository scanning in 50 ms. Found 1 JPA repository interface.
2025-05-01T12:49:38.608+05:30  INFO 5460 --- [demo] [main] o.s.b.w.embedded.tomcat.TomcatWebServer  : Tomcat initialized with port 8080 (http)
2025-05-01T12:49:38.623+05:30  INFO 5460 --- [demo] [main] o.apache.catalina.core.StandardService   : Starting service [Tomcat]
2025-05-01T12:49:38.623+05:30  INFO 5460 --- [demo] [main] o.apache.catalina.core.StandardEngine    : Starting Servlet engine: [Apache Tomcat/10.1.40]
2025-05-01T12:49:38.675+05:30  INFO 5460 --- [demo] [main] o.a.c.c.C.[Tomcat].[localhost].[/]       : Initializing Spring embedded WebApplicationContext
2025-05-01T12:49:38.675+05:30  INFO 5460 --- [demo] [main] w.s.c.ServletWebServerApplicationContext : Root WebApplicationContext: initialization completed in 1138 ms
2025-05-01T12:49:38.822+05:30  INFO 5460 --- [demo] [main] o.hibernate.jpa.internal.util.LogHelper  : HHH000204: Processing PersistenceUnitInfo [name: default]
2025-05-01T12:49:38.866+05:30  INFO 5460 --- [demo] [main] org.hibernate.Version                    : HHH000412: Hibernate ORM core version 6.6.13.Final
2025-05-01T12:49:38.899+05:30  INFO 5460 --- [demo] [main] o.h.c.internal.RegionFactoryInitiator    : HHH000026: Second-level cache disabled
2025-05-01T12:49:39.189+05:30  INFO 5460 --- [demo] [main] o.s.o.j.p.SpringPersistenceUnitInfo      : No LoadTimeWeaver setup: ignoring JPA class transformer
2025-05-01T12:49:39.214+05:30  INFO 5460 --- [demo] [main] com.zaxxer.hikari.HikariDataSource       : HikariPool-1 - Starting...
2025-05-01T12:49:39.540+05:30  INFO 5460 --- [demo] [main] com.zaxxer.hikari.pool.HikariPool        : HikariPool-1 - Added connection com.mysql.cj.jdbc.ConnectionImpl@4e8d9bb6
2025-05-01T12:49:39.546+05:30  INFO 5460 --- [demo] [main] com.zaxxer.hikari.HikariDataSource       : HikariPool-1 - Start completed.
2025-05-01T12:49:39.636+05:30  INFO 5460 --- [demo] [main] org.hibernate.orm.connections.pooling    : HHH10001005: Database info:
	Database JDBC URL [Connecting through datasource 'HikariDataSource (HikariPool-1)']
	Database driver: undefined/unknown
	Database version: 8.0.40
	Autocommit mode: undefined/unknown
	Isolation level: undefined/unknown
	Minimum pool size: undefined/unknown
	Maximum pool size: undefined/unknown
2025-05-01T12:49:40.418+05:30  INFO 5460 --- [demo] [main] o.h.e.t.j.p.i.JtaPlatformInitiator       : HHH000489: No JTA platform available (set 'hibernate.transaction.jta.platform' to enable JTA platform integration)
2025-05-01T12:49:40.490+05:30  INFO 5460 --- [demo] [main] j.LocalContainerEntityManagerFactoryBean : Initialized JPA EntityManagerFactory for persistence unit 'default'
2025-05-01T12:49:40.709+05:30  WARN 5460 --- [demo] [main] JpaBaseConfiguration$JpaWebConfiguration : spring.jpa.open-in-view is enabled by default. Therefore, database queries may be performed during view rendering. Explicitly configure spring.jpa.open-in-view to disable this warning
2025-05-01T12:49:41.050+05:30  INFO 5460 --- [demo] [main] o.s.b.w.embedded.tomcat.TomcatWebServer  : Tomcat started on port 8080 (http) with context path '/'
2025-05-01T12:49:41.058+05:30  INFO 5460 --- [demo] [main] com.example.demo.DemoApplication         : Started DemoApplication in 3.982 seconds (process running for 4.62)
2025-05-01T12:50:23.658+05:30  INFO 5460 --- [demo] [http-nio-8080-exec-1] o.a.c.c.C.[Tomcat].[localhost].[/]       : Initializing Spring DispatcherServlet 'dispatcherServlet'
2025-05-01T12:50:23.658+05:30  INFO 5460 --- [demo] [http-nio-8080-exec-1] o.s.web.servlet.DispatcherServlet        : Initializing Servlet 'dispatcherServlet'
2025-05-01T12:50:23.660+05:30  INFO 5460 --- [demo] [http-nio-8080-exec-1] o.s.web.servlet.DispatcherServlet        : Completed initialization in 1 ms
2025-05-01T12:50:23.687+05:30  INFO 5460 --- [demo] [http-nio-8080-exec-1] c.e.demo.controller.ApiRestController    : executing getallpost
2025-05-01T12:50:39.101+05:30  WARN 5460 --- [demo] [http-nio-8080-exec-4] .w.s.m.s.DefaultHandlerExceptionResolver : Resolved [org.springframework.http.converter.HttpMessageNotReadableException: Required request body is missing: public com.example.demo.dto.Postform com.example.demo.controller.ApiRestController.addcomment(com.example.demo.dto.Postform)]
2025-05-01T12:51:08.356+05:30  INFO 5460 --- [demo] [http-nio-8080-exec-5] c.e.demo.controller.ApiRestController    : executing getallpost
2025-05-01T12:52:10.959+05:30  INFO 5460 --- [demo] [http-nio-8080-exec-8] c.e.demo.controller.ApiRestController    : 1
2025-05-01T12:52:10.959+05:30  INFO 5460 --- [demo] [http-nio-8080-exec-8] c.e.demo.controller.ApiRestController    : manthan
2025-05-01T12:52:10.960+05:30  INFO 5460 --- [demo] [http-nio-8080-exec-8] c.e.demo.controller.ApiRestController    : manthan is pagal
2025-05-01T12:53:30.741+05:30  INFO 5460 --- [demo] [http-nio-8080-exec-3] c.e.demo.controller.ApiRestController    : 1
2025-05-01T12:53:30.742+05:30  INFO 5460 --- [demo] [http-nio-8080-exec-3] c.e.demo.controller.ApiRestController    : manthan
2025-05-01T12:53:30.742+05:30  INFO 5460 --- [demo] [http-nio-8080-exec-3] c.e.demo.controller.ApiRestController    : manthan is pagal
2025-05-01T12:53:45.838+05:30  INFO 12184 --- [demo] [main] com.example.demo.DemoApplication         : Starting DemoApplication using Java 21.0.4 with PID 12184 (D:\spring boot project vs-code\demo\target\classes started by Pratik in D:\spring boot project vs-code\demo)
2025-05-01T12:53:45.840+05:30  INFO 12184 --- [demo] [main] com.example.demo.DemoApplication         : No active profile set, falling back to 1 default profile: "default"
2025-05-01T12:53:46.450+05:30  INFO 12184 --- [demo] [main] .s.d.r.c.RepositoryConfigurationDelegate : Bootstrapping Spring Data JPA repositories in DEFAULT mode.
2025-05-01T12:53:46.521+05:30  INFO 12184 --- [demo] [main] .s.d.r.c.RepositoryConfigurationDelegate : Finished Spring Data repository scanning in 64 ms. Found 1 JPA repository interface.
2025-05-01T12:53:46.966+05:30  INFO 12184 --- [demo] [main] o.s.b.w.embedded.tomcat.TomcatWebServer  : Tomcat initialized with port 8080 (http)
2025-05-01T12:53:46.984+05:30  INFO 12184 --- [demo] [main] o.apache.catalina.core.StandardService   : Starting service [Tomcat]
2025-05-01T12:53:46.985+05:30  INFO 12184 --- [demo] [main] o.apache.catalina.core.StandardEngine    : Starting Servlet engine: [Apache Tomcat/10.1.40]
2025-05-01T12:53:47.030+05:30  INFO 12184 --- [demo] [main] o.a.c.c.C.[Tomcat].[localhost].[/]       : Initializing Spring embedded WebApplicationContext
2025-05-01T12:53:47.030+05:30  INFO 12184 --- [demo] [main] w.s.c.ServletWebServerApplicationContext : Root WebApplicationContext: initialization completed in 1148 ms
2025-05-01T12:53:47.167+05:30  INFO 12184 --- [demo] [main] o.hibernate.jpa.internal.util.LogHelper  : HHH000204: Processing PersistenceUnitInfo [name: default]
2025-05-01T12:53:47.213+05:30  INFO 12184 --- [demo] [main] org.hibernate.Version                    : HHH000412: Hibernate ORM core version 6.6.13.Final
2025-05-01T12:53:47.255+05:30  INFO 12184 --- [demo] [main] o.h.c.internal.RegionFactoryInitiator    : HHH000026: Second-level cache disabled
2025-05-01T12:53:47.505+05:30  INFO 12184 --- [demo] [main] o.s.o.j.p.SpringPersistenceUnitInfo      : No LoadTimeWeaver setup: ignoring JPA class transformer
2025-05-01T12:53:47.542+05:30  INFO 12184 --- [demo] [main] com.zaxxer.hikari.HikariDataSource       : HikariPool-1 - Starting...
2025-05-01T12:53:47.882+05:30  INFO 12184 --- [demo] [main] com.zaxxer.hikari.pool.HikariPool        : HikariPool-1 - Added connection com.mysql.cj.jdbc.ConnectionImpl@58aa5c94
2025-05-01T12:53:47.882+05:30  INFO 12184 --- [demo] [main] com.zaxxer.hikari.HikariDataSource       : HikariPool-1 - Start completed.
2025-05-01T12:53:47.954+05:30  INFO 12184 --- [demo] [main] org.hibernate.orm.connections.pooling    : HHH10001005: Database info:
	Database JDBC URL [Connecting through datasource 'HikariDataSource (HikariPool-1)']
	Database driver: undefined/unknown
	Database version: 8.0.40
	Autocommit mode: undefined/unknown
	Isolation level: undefined/unknown
	Minimum pool size: undefined/unknown
	Maximum pool size: undefined/unknown
2025-05-01T12:53:48.682+05:30  INFO 12184 --- [demo] [main] o.h.e.t.j.p.i.JtaPlatformInitiator       : HHH000489: No JTA platform available (set 'hibernate.transaction.jta.platform' to enable JTA platform integration)
2025-05-01T12:53:48.733+05:30  INFO 12184 --- [demo] [main] j.LocalContainerEntityManagerFactoryBean : Initialized JPA EntityManagerFactory for persistence unit 'default'
2025-05-01T12:53:48.971+05:30  WARN 12184 --- [demo] [main] JpaBaseConfiguration$JpaWebConfiguration : spring.jpa.open-in-view is enabled by default. Therefore, database queries may be performed during view rendering. Explicitly configure spring.jpa.open-in-view to disable this warning
2025-05-01T12:53:49.290+05:30  INFO 12184 --- [demo] [main] o.s.b.w.embedded.tomcat.TomcatWebServer  : Tomcat started on port 8080 (http) with context path '/'
2025-05-01T12:53:49.306+05:30  INFO 12184 --- [demo] [main] com.example.demo.DemoApplication         : Started DemoApplication in 3.952 seconds (process running for 4.425)
2025-05-01T12:53:58.438+05:30  INFO 12184 --- [demo] [http-nio-8080-exec-1] o.a.c.c.C.[Tomcat].[localhost].[/]       : Initializing Spring DispatcherServlet 'dispatcherServlet'
2025-05-01T12:53:58.438+05:30  INFO 12184 --- [demo] [http-nio-8080-exec-1] o.s.web.servlet.DispatcherServlet        : Initializing Servlet 'dispatcherServlet'
2025-05-01T12:53:58.438+05:30  INFO 12184 --- [demo] [http-nio-8080-exec-1] o.s.web.servlet.DispatcherServlet        : Completed initialization in 0 ms
2025-05-01T12:53:58.553+05:30  INFO 12184 --- [demo] [http-nio-8080-exec-1] c.e.demo.controller.ApiRestController    : 1
2025-05-01T12:53:58.553+05:30  INFO 12184 --- [demo] [http-nio-8080-exec-1] c.e.demo.controller.ApiRestController    : manthan
2025-05-01T12:53:58.553+05:30  INFO 12184 --- [demo] [http-nio-8080-exec-1] c.e.demo.controller.ApiRestController    : manthan is pagal
2025-05-01T12:53:58.611+05:30  INFO 12184 --- [demo] [http-nio-8080-exec-1] c.e.demo.controller.ApiRestController    : post found by id Post{id=1, title='manthan', comments=[]}
2025-05-01T13:13:45.304+05:30  INFO 3200 --- [demo] [main] com.example.demo.DemoApplicationTests    : Starting DemoApplicationTests using Java 21.0.4 with PID 3200 (started by Pratik in D:\spring boot project vs-code\demo)
2025-05-01T13:13:45.304+05:30  INFO 3200 --- [demo] [main] com.example.demo.DemoApplicationTests    : No active profile set, falling back to 1 default profile: "default"
2025-05-01T13:13:45.868+05:30  INFO 3200 --- [demo] [main] .s.d.r.c.RepositoryConfigurationDelegate : Bootstrapping Spring Data JPA repositories in DEFAULT mode.
2025-05-01T13:13:45.932+05:30  INFO 3200 --- [demo] [main] .s.d.r.c.RepositoryConfigurationDelegate : Finished Spring Data repository scanning in 50 ms. Found 1 JPA repository interface.
2025-05-01T13:13:46.312+05:30  INFO 3200 --- [demo] [main] o.hibernate.jpa.internal.util.LogHelper  : HHH000204: Processing PersistenceUnitInfo [name: default]
2025-05-01T13:13:46.360+05:30  INFO 3200 --- [demo] [main] org.hibernate.Version                    : HHH000412: Hibernate ORM core version 6.6.13.Final
2025-05-01T13:13:46.391+05:30  INFO 3200 --- [demo] [main] o.h.c.internal.RegionFactoryInitiator    : HHH000026: Second-level cache disabled
2025-05-01T13:13:46.665+05:30  INFO 3200 --- [demo] [main] o.s.o.j.p.SpringPersistenceUnitInfo      : No LoadTimeWeaver setup: ignoring JPA class transformer
2025-05-01T13:13:46.701+05:30  INFO 3200 --- [demo] [main] com.zaxxer.hikari.HikariDataSource       : HikariPool-1 - Starting...
2025-05-01T13:13:47.041+05:30  INFO 3200 --- [demo] [main] com.zaxxer.hikari.pool.HikariPool        : HikariPool-1 - Added connection com.mysql.cj.jdbc.ConnectionImpl@531a716c
2025-05-01T13:13:47.041+05:30  INFO 3200 --- [demo] [main] com.zaxxer.hikari.HikariDataSource       : HikariPool-1 - Start completed.
2025-05-01T13:13:47.120+05:30  INFO 3200 --- [demo] [main] org.hibernate.orm.connections.pooling    : HHH10001005: Database info:
	Database JDBC URL [Connecting through datasource 'HikariDataSource (HikariPool-1)']
	Database driver: undefined/unknown
	Database version: 8.0.40
	Autocommit mode: undefined/unknown
	Isolation level: undefined/unknown
	Minimum pool size: undefined/unknown
	Maximum pool size: undefined/unknown
2025-05-01T13:13:47.853+05:30  INFO 3200 --- [demo] [main] o.h.e.t.j.p.i.JtaPlatformInitiator       : HHH000489: No JTA platform available (set 'hibernate.transaction.jta.platform' to enable JTA platform integration)
2025-05-01T13:13:47.916+05:30  INFO 3200 --- [demo] [main] j.LocalContainerEntityManagerFactoryBean : Initialized JPA EntityManagerFactory for persistence unit 'default'
2025-05-01T13:13:48.258+05:30  WARN 3200 --- [demo] [main] JpaBaseConfiguration$JpaWebConfiguration : spring.jpa.open-in-view is enabled by default. Therefore, database queries may be performed during view rendering. Explicitly configure spring.jpa.open-in-view to disable this warning
2025-05-01T13:13:48.614+05:30  INFO 3200 --- [demo] [main] com.example.demo.DemoApplicationTests    : Started DemoApplicationTests in 3.608 seconds (process running for 4.471)
2025-05-01T13:13:49.061+05:30  INFO 3200 --- [demo] [SpringApplicationShutdownHook] j.LocalContainerEntityManagerFactoryBean : Closing JPA EntityManagerFactory for persistence unit 'default'
2025-05-01T13:13:49.065+05:30  INFO 3200 --- [demo] [SpringApplicationShutdownHook] com.zaxxer.hikari.HikariDataSource       : HikariPool-1 - Shutdown initiated...
2025-05-01T13:13:49.075+05:30  INFO 3200 --- [demo] [SpringApplicationShutdownHook] com.zaxxer.hikari.HikariDataSource       : HikariPool-1 - Shutdown completed.
2025-05-01T13:53:43.089+05:30  INFO 12100 --- [demo] [main] com.example.demo.DemoApplication         : Starting DemoApplication using Java 21.0.4 with PID 12100 (D:\spring boot project vs-code\demo\target\classes started by Pratik in D:\spring boot project vs-code\demo)
2025-05-01T13:53:43.096+05:30  INFO 12100 --- [demo] [main] com.example.demo.DemoApplication         : No active profile set, falling back to 1 default profile: "default"
2025-05-01T13:53:43.696+05:30  INFO 12100 --- [demo] [main] .s.d.r.c.RepositoryConfigurationDelegate : Bootstrapping Spring Data JPA repositories in DEFAULT mode.
2025-05-01T13:53:43.750+05:30  INFO 12100 --- [demo] [main] .s.d.r.c.RepositoryConfigurationDelegate : Finished Spring Data repository scanning in 46 ms. Found 1 JPA repository interface.
2025-05-01T13:53:44.150+05:30  INFO 12100 --- [demo] [main] o.s.b.w.embedded.tomcat.TomcatWebServer  : Tomcat initialized with port 8080 (http)
2025-05-01T13:53:44.161+05:30  INFO 12100 --- [demo] [main] o.apache.catalina.core.StandardService   : Starting service [Tomcat]
2025-05-01T13:53:44.162+05:30  INFO 12100 --- [demo] [main] o.apache.catalina.core.StandardEngine    : Starting Servlet engine: [Apache Tomcat/10.1.40]
2025-05-01T13:53:44.213+05:30  INFO 12100 --- [demo] [main] o.a.c.c.C.[Tomcat].[localhost].[/]       : Initializing Spring embedded WebApplicationContext
2025-05-01T13:53:44.213+05:30  INFO 12100 --- [demo] [main] w.s.c.ServletWebServerApplicationContext : Root WebApplicationContext: initialization completed in 1075 ms
2025-05-01T13:53:44.348+05:30  INFO 12100 --- [demo] [main] o.hibernate.jpa.internal.util.LogHelper  : HHH000204: Processing PersistenceUnitInfo [name: default]
2025-05-01T13:53:44.390+05:30  INFO 12100 --- [demo] [main] org.hibernate.Version                    : HHH000412: Hibernate ORM core version 6.6.13.Final
2025-05-01T13:53:44.428+05:30  INFO 12100 --- [demo] [main] o.h.c.internal.RegionFactoryInitiator    : HHH000026: Second-level cache disabled
2025-05-01T13:53:44.694+05:30  INFO 12100 --- [demo] [main] o.s.o.j.p.SpringPersistenceUnitInfo      : No LoadTimeWeaver setup: ignoring JPA class transformer
2025-05-01T13:53:44.719+05:30  INFO 12100 --- [demo] [main] com.zaxxer.hikari.HikariDataSource       : HikariPool-1 - Starting...
2025-05-01T13:53:45.041+05:30  INFO 12100 --- [demo] [main] com.zaxxer.hikari.pool.HikariPool        : HikariPool-1 - Added connection com.mysql.cj.jdbc.ConnectionImpl@4bf8b77
2025-05-01T13:53:45.047+05:30  INFO 12100 --- [demo] [main] com.zaxxer.hikari.HikariDataSource       : HikariPool-1 - Start completed.
2025-05-01T13:53:45.124+05:30  INFO 12100 --- [demo] [main] org.hibernate.orm.connections.pooling    : HHH10001005: Database info:
	Database JDBC URL [Connecting through datasource 'HikariDataSource (HikariPool-1)']
	Database driver: undefined/unknown
	Database version: 8.0.40
	Autocommit mode: undefined/unknown
	Isolation level: undefined/unknown
	Minimum pool size: undefined/unknown
	Maximum pool size: undefined/unknown
2025-05-01T13:53:45.848+05:30  INFO 12100 --- [demo] [main] o.h.e.t.j.p.i.JtaPlatformInitiator       : HHH000489: No JTA platform available (set 'hibernate.transaction.jta.platform' to enable JTA platform integration)
2025-05-01T13:53:45.917+05:30  INFO 12100 --- [demo] [main] j.LocalContainerEntityManagerFactoryBean : Initialized JPA EntityManagerFactory for persistence unit 'default'
2025-05-01T13:53:46.134+05:30  WARN 12100 --- [demo] [main] JpaBaseConfiguration$JpaWebConfiguration : spring.jpa.open-in-view is enabled by default. Therefore, database queries may be performed during view rendering. Explicitly configure spring.jpa.open-in-view to disable this warning
2025-05-01T13:53:46.524+05:30  INFO 12100 --- [demo] [main] o.s.b.w.embedded.tomcat.TomcatWebServer  : Tomcat started on port 8080 (http) with context path '/'
2025-05-01T13:53:46.531+05:30  INFO 12100 --- [demo] [main] com.example.demo.DemoApplication         : Started DemoApplication in 3.86 seconds (process running for 4.386)
2025-05-01T13:54:03.246+05:30  INFO 12100 --- [demo] [http-nio-8080-exec-1] o.a.c.c.C.[Tomcat].[localhost].[/]       : Initializing Spring DispatcherServlet 'dispatcherServlet'
2025-05-01T13:54:03.246+05:30  INFO 12100 --- [demo] [http-nio-8080-exec-1] o.s.web.servlet.DispatcherServlet        : Initializing Servlet 'dispatcherServlet'
2025-05-01T13:54:03.246+05:30  INFO 12100 --- [demo] [http-nio-8080-exec-1] o.s.web.servlet.DispatcherServlet        : Completed initialization in 0 ms
2025-05-01T13:54:03.325+05:30  INFO 12100 --- [demo] [http-nio-8080-exec-1] c.e.demo.controller.ApiRestController    : 1
2025-05-01T13:54:03.325+05:30  INFO 12100 --- [demo] [http-nio-8080-exec-1] c.e.demo.controller.ApiRestController    : manthan
2025-05-01T13:54:03.325+05:30  INFO 12100 --- [demo] [http-nio-8080-exec-1] c.e.demo.controller.ApiRestController    : null
2025-05-01T13:54:03.341+05:30 ERROR 12100 --- [demo] [http-nio-8080-exec-1] o.a.c.c.C.[.[.[/].[dispatcherServlet]    : Servlet.service() for servlet [dispatcherServlet] in context with path [] threw exception [Request processing failed: java.lang.NullPointerException: Cannot invoke "com.example.demo.entity.Post.toString()" because "post" is null] with root cause

java.lang.NullPointerException: Cannot invoke "com.example.demo.entity.Post.toString()" because "post" is null
	at com.example.demo.controller.ApiRestController.addcomment(ApiRestController.java:55) ~[classes/:na]
	at java.base/jdk.internal.reflect.DirectMethodHandleAccessor.invoke(DirectMethodHandleAccessor.java:103) ~[na:na]
	at java.base/java.lang.reflect.Method.invoke(Method.java:580) ~[na:na]
	at org.springframework.web.method.support.InvocableHandlerMethod.doInvoke(InvocableHandlerMethod.java:258) ~[spring-web-6.2.6.jar:6.2.6]
	at org.springframework.web.method.support.InvocableHandlerMethod.invokeForRequest(InvocableHandlerMethod.java:191) ~[spring-web-6.2.6.jar:6.2.6]
	at org.springframework.web.servlet.mvc.method.annotation.ServletInvocableHandlerMethod.invokeAndHandle(ServletInvocableHandlerMethod.java:118) ~[spring-webmvc-6.2.6.jar:6.2.6]
	at org.springframework.web.servlet.mvc.method.annotation.RequestMappingHandlerAdapter.invokeHandlerMethod(RequestMappingHandlerAdapter.java:986) ~[spring-webmvc-6.2.6.jar:6.2.6]
	at org.springframework.web.servlet.mvc.method.annotation.RequestMappingHandlerAdapter.handleInternal(RequestMappingHandlerAdapter.java:891) ~[spring-webmvc-6.2.6.jar:6.2.6]
	at org.springframework.web.servlet.mvc.method.AbstractHandlerMethodAdapter.handle(AbstractHandlerMethodAdapter.java:87) ~[spring-webmvc-6.2.6.jar:6.2.6]
	at org.springframework.web.servlet.DispatcherServlet.doDispatch(DispatcherServlet.java:1089) ~[spring-webmvc-6.2.6.jar:6.2.6]
	at org.springframework.web.servlet.DispatcherServlet.doService(DispatcherServlet.java:979) ~[spring-webmvc-6.2.6.jar:6.2.6]
	at org.springframework.web.servlet.FrameworkServlet.processRequest(FrameworkServlet.java:1014) ~[spring-webmvc-6.2.6.jar:6.2.6]
	at org.springframework.web.servlet.FrameworkServlet.doGet(FrameworkServlet.java:903) ~[spring-webmvc-6.2.6.jar:6.2.6]
	at jakarta.servlet.http.HttpServlet.service(HttpServlet.java:564) ~[tomcat-embed-core-10.1.40.jar:6.0]
	at org.springframework.web.servlet.FrameworkServlet.service(FrameworkServlet.java:885) ~[spring-webmvc-6.2.6.jar:6.2.6]
	at jakarta.servlet.http.HttpServlet.service(HttpServlet.java:658) ~[tomcat-embed-core-10.1.40.jar:6.0]
	at org.apache.catalina.core.ApplicationFilterChain.internalDoFilter(ApplicationFilterChain.java:195) ~[tomcat-embed-core-10.1.40.jar:10.1.40]
	at org.apache.catalina.core.ApplicationFilterChain.doFilter(ApplicationFilterChain.java:140) ~[tomcat-embed-core-10.1.40.jar:10.1.40]
	at org.apache.tomcat.websocket.server.WsFilter.doFilter(WsFilter.java:51) ~[tomcat-embed-websocket-10.1.40.jar:10.1.40]
	at org.apache.catalina.core.ApplicationFilterChain.internalDoFilter(ApplicationFilterChain.java:164) ~[tomcat-embed-core-10.1.40.jar:10.1.40]
	at org.apache.catalina.core.ApplicationFilterChain.doFilter(ApplicationFilterChain.java:140) ~[tomcat-embed-core-10.1.40.jar:10.1.40]
	at org.springframework.web.filter.RequestContextFilter.doFilterInternal(RequestContextFilter.java:100) ~[spring-web-6.2.6.jar:6.2.6]
	at org.springframework.web.filter.OncePerRequestFilter.doFilter(OncePerRequestFilter.java:116) ~[spring-web-6.2.6.jar:6.2.6]
	at org.apache.catalina.core.ApplicationFilterChain.internalDoFilter(ApplicationFilterChain.java:164) ~[tomcat-embed-core-10.1.40.jar:10.1.40]
	at org.apache.catalina.core.ApplicationFilterChain.doFilter(ApplicationFilterChain.java:140) ~[tomcat-embed-core-10.1.40.jar:10.1.40]
	at org.springframework.web.filter.FormContentFilter.doFilterInternal(FormContentFilter.java:93) ~[spring-web-6.2.6.jar:6.2.6]
	at org.springframework.web.filter.OncePerRequestFilter.doFilter(OncePerRequestFilter.java:116) ~[spring-web-6.2.6.jar:6.2.6]
	at org.apache.catalina.core.ApplicationFilterChain.internalDoFilter(ApplicationFilterChain.java:164) ~[tomcat-embed-core-10.1.40.jar:10.1.40]
	at org.apache.catalina.core.ApplicationFilterChain.doFilter(ApplicationFilterChain.java:140) ~[tomcat-embed-core-10.1.40.jar:10.1.40]
	at org.springframework.web.filter.CharacterEncodingFilter.doFilterInternal(CharacterEncodingFilter.java:201) ~[spring-web-6.2.6.jar:6.2.6]
	at org.springframework.web.filter.OncePerRequestFilter.doFilter(OncePerRequestFilter.java:116) ~[spring-web-6.2.6.jar:6.2.6]
	at org.apache.catalina.core.ApplicationFilterChain.internalDoFilter(ApplicationFilterChain.java:164) ~[tomcat-embed-core-10.1.40.jar:10.1.40]
	at org.apache.catalina.core.ApplicationFilterChain.doFilter(ApplicationFilterChain.java:140) ~[tomcat-embed-core-10.1.40.jar:10.1.40]
	at org.apache.catalina.core.StandardWrapperValve.invoke(StandardWrapperValve.java:167) ~[tomcat-embed-core-10.1.40.jar:10.1.40]
	at org.apache.catalina.core.StandardContextValve.invoke(StandardContextValve.java:90) ~[tomcat-embed-core-10.1.40.jar:10.1.40]
	at org.apache.catalina.authenticator.AuthenticatorBase.invoke(AuthenticatorBase.java:483) ~[tomcat-embed-core-10.1.40.jar:10.1.40]
	at org.apache.catalina.core.StandardHostValve.invoke(StandardHostValve.java:116) ~[tomcat-embed-core-10.1.40.jar:10.1.40]
	at org.apache.catalina.valves.ErrorReportValve.invoke(ErrorReportValve.java:93) ~[tomcat-embed-core-10.1.40.jar:10.1.40]
	at org.apache.catalina.core.StandardEngineValve.invoke(StandardEngineValve.java:74) ~[tomcat-embed-core-10.1.40.jar:10.1.40]
	at org.apache.catalina.connector.CoyoteAdapter.service(CoyoteAdapter.java:344) ~[tomcat-embed-core-10.1.40.jar:10.1.40]
	at org.apache.coyote.http11.Http11Processor.service(Http11Processor.java:398) ~[tomcat-embed-core-10.1.40.jar:10.1.40]
	at org.apache.coyote.AbstractProcessorLight.process(AbstractProcessorLight.java:63) ~[tomcat-embed-core-10.1.40.jar:10.1.40]
	at org.apache.coyote.AbstractProtocol$ConnectionHandler.process(AbstractProtocol.java:903) ~[tomcat-embed-core-10.1.40.jar:10.1.40]
	at org.apache.tomcat.util.net.NioEndpoint$SocketProcessor.doRun(NioEndpoint.java:1740) ~[tomcat-embed-core-10.1.40.jar:10.1.40]
	at org.apache.tomcat.util.net.SocketProcessorBase.run(SocketProcessorBase.java:52) ~[tomcat-embed-core-10.1.40.jar:10.1.40]
	at org.apache.tomcat.util.threads.ThreadPoolExecutor.runWorker(ThreadPoolExecutor.java:1189) ~[tomcat-embed-core-10.1.40.jar:10.1.40]
	at org.apache.tomcat.util.threads.ThreadPoolExecutor$Worker.run(ThreadPoolExecutor.java:658) ~[tomcat-embed-core-10.1.40.jar:10.1.40]
	at org.apache.tomcat.util.threads.TaskThread$WrappingRunnable.run(TaskThread.java:63) ~[tomcat-embed-core-10.1.40.jar:10.1.40]
	at java.base/java.lang.Thread.run(Thread.java:1583) ~[na:na]

2025-05-01T13:54:56.462+05:30  INFO 8268 --- [demo] [main] com.example.demo.DemoApplication         : Starting DemoApplication using Java 21.0.4 with PID 8268 (D:\spring boot project vs-code\demo\target\classes started by Pratik in D:\spring boot project vs-code\demo)
2025-05-01T13:54:56.465+05:30  INFO 8268 --- [demo] [main] com.example.demo.DemoApplication         : No active profile set, falling back to 1 default profile: "default"
2025-05-01T13:54:57.060+05:30  INFO 8268 --- [demo] [main] .s.d.r.c.RepositoryConfigurationDelegate : Bootstrapping Spring Data JPA repositories in DEFAULT mode.
2025-05-01T13:54:57.123+05:30  INFO 8268 --- [demo] [main] .s.d.r.c.RepositoryConfigurationDelegate : Finished Spring Data repository scanning in 56 ms. Found 1 JPA repository interface.
2025-05-01T13:54:57.565+05:30  INFO 8268 --- [demo] [main] o.s.b.w.embedded.tomcat.TomcatWebServer  : Tomcat initialized with port 8080 (http)
2025-05-01T13:54:57.583+05:30  INFO 8268 --- [demo] [main] o.apache.catalina.core.StandardService   : Starting service [Tomcat]
2025-05-01T13:54:57.584+05:30  INFO 8268 --- [demo] [main] o.apache.catalina.core.StandardEngine    : Starting Servlet engine: [Apache Tomcat/10.1.40]
2025-05-01T13:54:57.634+05:30  INFO 8268 --- [demo] [main] o.a.c.c.C.[Tomcat].[localhost].[/]       : Initializing Spring embedded WebApplicationContext
2025-05-01T13:54:57.634+05:30  INFO 8268 --- [demo] [main] w.s.c.ServletWebServerApplicationContext : Root WebApplicationContext: initialization completed in 1128 ms
2025-05-01T13:54:57.785+05:30  INFO 8268 --- [demo] [main] o.hibernate.jpa.internal.util.LogHelper  : HHH000204: Processing PersistenceUnitInfo [name: default]
2025-05-01T13:54:57.824+05:30  INFO 8268 --- [demo] [main] org.hibernate.Version                    : HHH000412: Hibernate ORM core version 6.6.13.Final
2025-05-01T13:54:57.851+05:30  INFO 8268 --- [demo] [main] o.h.c.internal.RegionFactoryInitiator    : HHH000026: Second-level cache disabled
2025-05-01T13:54:58.086+05:30  INFO 8268 --- [demo] [main] o.s.o.j.p.SpringPersistenceUnitInfo      : No LoadTimeWeaver setup: ignoring JPA class transformer
2025-05-01T13:54:58.113+05:30  INFO 8268 --- [demo] [main] com.zaxxer.hikari.HikariDataSource       : HikariPool-1 - Starting...
2025-05-01T13:54:58.434+05:30  INFO 8268 --- [demo] [main] com.zaxxer.hikari.pool.HikariPool        : HikariPool-1 - Added connection com.mysql.cj.jdbc.ConnectionImpl@41143873
2025-05-01T13:54:58.435+05:30  INFO 8268 --- [demo] [main] com.zaxxer.hikari.HikariDataSource       : HikariPool-1 - Start completed.
2025-05-01T13:54:58.510+05:30  INFO 8268 --- [demo] [main] org.hibernate.orm.connections.pooling    : HHH10001005: Database info:
	Database JDBC URL [Connecting through datasource 'HikariDataSource (HikariPool-1)']
	Database driver: undefined/unknown
	Database version: 8.0.40
	Autocommit mode: undefined/unknown
	Isolation level: undefined/unknown
	Minimum pool size: undefined/unknown
	Maximum pool size: undefined/unknown
2025-05-01T13:54:59.238+05:30  INFO 8268 --- [demo] [main] o.h.e.t.j.p.i.JtaPlatformInitiator       : HHH000489: No JTA platform available (set 'hibernate.transaction.jta.platform' to enable JTA platform integration)
2025-05-01T13:54:59.290+05:30  INFO 8268 --- [demo] [main] j.LocalContainerEntityManagerFactoryBean : Initialized JPA EntityManagerFactory for persistence unit 'default'
2025-05-01T13:54:59.519+05:30  WARN 8268 --- [demo] [main] JpaBaseConfiguration$JpaWebConfiguration : spring.jpa.open-in-view is enabled by default. Therefore, database queries may be performed during view rendering. Explicitly configure spring.jpa.open-in-view to disable this warning
2025-05-01T13:54:59.836+05:30  INFO 8268 --- [demo] [main] o.s.b.w.embedded.tomcat.TomcatWebServer  : Tomcat started on port 8080 (http) with context path '/'
2025-05-01T13:54:59.843+05:30  INFO 8268 --- [demo] [main] com.example.demo.DemoApplication         : Started DemoApplication in 3.87 seconds (process running for 4.243)
2025-05-01T13:55:02.983+05:30  INFO 8268 --- [demo] [http-nio-8080-exec-1] o.a.c.c.C.[Tomcat].[localhost].[/]       : Initializing Spring DispatcherServlet 'dispatcherServlet'
2025-05-01T13:55:02.983+05:30  INFO 8268 --- [demo] [http-nio-8080-exec-1] o.s.web.servlet.DispatcherServlet        : Initializing Servlet 'dispatcherServlet'
2025-05-01T13:55:02.984+05:30  INFO 8268 --- [demo] [http-nio-8080-exec-1] o.s.web.servlet.DispatcherServlet        : Completed initialization in 1 ms
2025-05-01T13:55:03.072+05:30  INFO 8268 --- [demo] [http-nio-8080-exec-1] c.e.demo.controller.ApiRestController    : 1
2025-05-01T13:55:03.072+05:30  INFO 8268 --- [demo] [http-nio-8080-exec-1] c.e.demo.controller.ApiRestController    : manthan
2025-05-01T13:55:03.072+05:30  INFO 8268 --- [demo] [http-nio-8080-exec-1] c.e.demo.controller.ApiRestController    : null
2025-05-01T13:55:03.073+05:30  INFO 8268 --- [demo] [http-nio-8080-exec-1] c.e.demo.controller.ApiRestController    : updating post adding Comment
2025-05-01T13:55:03.179+05:30  INFO 8268 --- [demo] [http-nio-8080-exec-1] c.e.demo.controller.ApiRestController    :  Comment added successfully
2025-05-01T13:55:03.229+05:30  WARN 8268 --- [demo] [http-nio-8080-exec-1] .w.s.m.s.DefaultHandlerExceptionResolver : Ignoring exception, response committed already: org.springframework.http.converter.HttpMessageNotWritableException: Could not write JSON: Document nesting depth (1001) exceeds the maximum allowed (1000, from `StreamWriteConstraints.getMaxNestingDepth()`)
2025-05-01T13:55:03.229+05:30  WARN 8268 --- [demo] [http-nio-8080-exec-1] .w.s.m.s.DefaultHandlerExceptionResolver : Resolved [org.springframework.http.converter.HttpMessageNotWritableException: Could not write JSON: Document nesting depth (1001) exceeds the maximum allowed (1000, from `StreamWriteConstraints.getMaxNestingDepth()`)]
2025-05-01T13:56:57.375+05:30  INFO 13292 --- [demo] [main] com.example.demo.DemoApplication         : Starting DemoApplication using Java 21.0.4 with PID 13292 (D:\spring boot project vs-code\demo\target\classes started by Pratik in D:\spring boot project vs-code\demo)
2025-05-01T13:56:57.378+05:30  INFO 13292 --- [demo] [main] com.example.demo.DemoApplication         : No active profile set, falling back to 1 default profile: "default"
2025-05-01T13:56:57.982+05:30  INFO 13292 --- [demo] [main] .s.d.r.c.RepositoryConfigurationDelegate : Bootstrapping Spring Data JPA repositories in DEFAULT mode.
2025-05-01T13:56:58.048+05:30  INFO 13292 --- [demo] [main] .s.d.r.c.RepositoryConfigurationDelegate : Finished Spring Data repository scanning in 58 ms. Found 1 JPA repository interface.
2025-05-01T13:56:58.478+05:30  INFO 13292 --- [demo] [main] o.s.b.w.embedded.tomcat.TomcatWebServer  : Tomcat initialized with port 8080 (http)
2025-05-01T13:56:58.500+05:30  INFO 13292 --- [demo] [main] o.apache.catalina.core.StandardService   : Starting service [Tomcat]
2025-05-01T13:56:58.501+05:30  INFO 13292 --- [demo] [main] o.apache.catalina.core.StandardEngine    : Starting Servlet engine: [Apache Tomcat/10.1.40]
2025-05-01T13:56:58.550+05:30  INFO 13292 --- [demo] [main] o.a.c.c.C.[Tomcat].[localhost].[/]       : Initializing Spring embedded WebApplicationContext
2025-05-01T13:56:58.551+05:30  INFO 13292 --- [demo] [main] w.s.c.ServletWebServerApplicationContext : Root WebApplicationContext: initialization completed in 1130 ms
2025-05-01T13:56:58.689+05:30  INFO 13292 --- [demo] [main] o.hibernate.jpa.internal.util.LogHelper  : HHH000204: Processing PersistenceUnitInfo [name: default]
2025-05-01T13:56:58.733+05:30  INFO 13292 --- [demo] [main] org.hibernate.Version                    : HHH000412: Hibernate ORM core version 6.6.13.Final
2025-05-01T13:56:58.768+05:30  INFO 13292 --- [demo] [main] o.h.c.internal.RegionFactoryInitiator    : HHH000026: Second-level cache disabled
2025-05-01T13:56:59.001+05:30  INFO 13292 --- [demo] [main] o.s.o.j.p.SpringPersistenceUnitInfo      : No LoadTimeWeaver setup: ignoring JPA class transformer
2025-05-01T13:56:59.031+05:30  INFO 13292 --- [demo] [main] com.zaxxer.hikari.HikariDataSource       : HikariPool-1 - Starting...
2025-05-01T13:56:59.348+05:30  INFO 13292 --- [demo] [main] com.zaxxer.hikari.pool.HikariPool        : HikariPool-1 - Added connection com.mysql.cj.jdbc.ConnectionImpl@520a95ff
2025-05-01T13:56:59.351+05:30  INFO 13292 --- [demo] [main] com.zaxxer.hikari.HikariDataSource       : HikariPool-1 - Start completed.
2025-05-01T13:56:59.421+05:30  INFO 13292 --- [demo] [main] org.hibernate.orm.connections.pooling    : HHH10001005: Database info:
	Database JDBC URL [Connecting through datasource 'HikariDataSource (HikariPool-1)']
	Database driver: undefined/unknown
	Database version: 8.0.40
	Autocommit mode: undefined/unknown
	Isolation level: undefined/unknown
	Minimum pool size: undefined/unknown
	Maximum pool size: undefined/unknown
2025-05-01T13:57:00.123+05:30  INFO 13292 --- [demo] [main] o.h.e.t.j.p.i.JtaPlatformInitiator       : HHH000489: No JTA platform available (set 'hibernate.transaction.jta.platform' to enable JTA platform integration)
2025-05-01T13:57:00.174+05:30  INFO 13292 --- [demo] [main] j.LocalContainerEntityManagerFactoryBean : Initialized JPA EntityManagerFactory for persistence unit 'default'
2025-05-01T13:57:00.419+05:30  WARN 13292 --- [demo] [main] JpaBaseConfiguration$JpaWebConfiguration : spring.jpa.open-in-view is enabled by default. Therefore, database queries may be performed during view rendering. Explicitly configure spring.jpa.open-in-view to disable this warning
2025-05-01T13:57:00.745+05:30  INFO 13292 --- [demo] [main] o.s.b.w.embedded.tomcat.TomcatWebServer  : Tomcat started on port 8080 (http) with context path '/'
2025-05-01T13:57:00.753+05:30  INFO 13292 --- [demo] [main] com.example.demo.DemoApplication         : Started DemoApplication in 3.838 seconds (process running for 4.157)
2025-05-01T13:57:06.302+05:30  INFO 13292 --- [demo] [http-nio-8080-exec-1] o.a.c.c.C.[Tomcat].[localhost].[/]       : Initializing Spring DispatcherServlet 'dispatcherServlet'
2025-05-01T13:57:06.303+05:30  INFO 13292 --- [demo] [http-nio-8080-exec-1] o.s.web.servlet.DispatcherServlet        : Initializing Servlet 'dispatcherServlet'
2025-05-01T13:57:06.305+05:30  INFO 13292 --- [demo] [http-nio-8080-exec-1] o.s.web.servlet.DispatcherServlet        : Completed initialization in 1 ms
2025-05-01T13:57:06.420+05:30  INFO 13292 --- [demo] [http-nio-8080-exec-1] c.e.demo.controller.ApiRestController    : 1
2025-05-01T13:57:06.420+05:30  INFO 13292 --- [demo] [http-nio-8080-exec-1] c.e.demo.controller.ApiRestController    : manthan
2025-05-01T13:57:06.421+05:30  INFO 13292 --- [demo] [http-nio-8080-exec-1] c.e.demo.controller.ApiRestController    : null
2025-05-01T13:57:06.421+05:30  INFO 13292 --- [demo] [http-nio-8080-exec-1] c.e.demo.controller.ApiRestController    : updating post adding Comment
2025-05-01T13:57:06.526+05:30  INFO 13292 --- [demo] [http-nio-8080-exec-1] c.e.demo.controller.ApiRestController    :  Comment added successfully
2025-05-01T13:58:20.365+05:30  INFO 12784 --- [demo] [main] com.example.demo.DemoApplication         : Starting DemoApplication using Java 21.0.4 with PID 12784 (D:\spring boot project vs-code\demo\target\classes started by Pratik in D:\spring boot project vs-code\demo)
2025-05-01T13:58:20.366+05:30  INFO 12784 --- [demo] [main] com.example.demo.DemoApplication         : No active profile set, falling back to 1 default profile: "default"
2025-05-01T13:58:20.966+05:30  INFO 12784 --- [demo] [main] .s.d.r.c.RepositoryConfigurationDelegate : Bootstrapping Spring Data JPA repositories in DEFAULT mode.
2025-05-01T13:58:21.043+05:30  INFO 12784 --- [demo] [main] .s.d.r.c.RepositoryConfigurationDelegate : Finished Spring Data repository scanning in 58 ms. Found 1 JPA repository interface.
2025-05-01T13:58:21.470+05:30  INFO 12784 --- [demo] [main] o.s.b.w.embedded.tomcat.TomcatWebServer  : Tomcat initialized with port 8080 (http)
2025-05-01T13:58:21.490+05:30  INFO 12784 --- [demo] [main] o.apache.catalina.core.StandardService   : Starting service [Tomcat]
2025-05-01T13:58:21.490+05:30  INFO 12784 --- [demo] [main] o.apache.catalina.core.StandardEngine    : Starting Servlet engine: [Apache Tomcat/10.1.40]
2025-05-01T13:58:21.542+05:30  INFO 12784 --- [demo] [main] o.a.c.c.C.[Tomcat].[localhost].[/]       : Initializing Spring embedded WebApplicationContext
2025-05-01T13:58:21.543+05:30  INFO 12784 --- [demo] [main] w.s.c.ServletWebServerApplicationContext : Root WebApplicationContext: initialization completed in 1133 ms
2025-05-01T13:58:21.701+05:30  INFO 12784 --- [demo] [main] o.hibernate.jpa.internal.util.LogHelper  : HHH000204: Processing PersistenceUnitInfo [name: default]
2025-05-01T13:58:21.755+05:30  INFO 12784 --- [demo] [main] org.hibernate.Version                    : HHH000412: Hibernate ORM core version 6.6.13.Final
2025-05-01T13:58:21.786+05:30  INFO 12784 --- [demo] [main] o.h.c.internal.RegionFactoryInitiator    : HHH000026: Second-level cache disabled
2025-05-01T13:58:22.034+05:30  INFO 12784 --- [demo] [main] o.s.o.j.p.SpringPersistenceUnitInfo      : No LoadTimeWeaver setup: ignoring JPA class transformer
2025-05-01T13:58:22.055+05:30  INFO 12784 --- [demo] [main] com.zaxxer.hikari.HikariDataSource       : HikariPool-1 - Starting...
2025-05-01T13:58:22.390+05:30  INFO 12784 --- [demo] [main] com.zaxxer.hikari.pool.HikariPool        : HikariPool-1 - Added connection com.mysql.cj.jdbc.ConnectionImpl@41143873
2025-05-01T13:58:22.390+05:30  INFO 12784 --- [demo] [main] com.zaxxer.hikari.HikariDataSource       : HikariPool-1 - Start completed.
2025-05-01T13:58:22.459+05:30  INFO 12784 --- [demo] [main] org.hibernate.orm.connections.pooling    : HHH10001005: Database info:
	Database JDBC URL [Connecting through datasource 'HikariDataSource (HikariPool-1)']
	Database driver: undefined/unknown
	Database version: 8.0.40
	Autocommit mode: undefined/unknown
	Isolation level: undefined/unknown
	Minimum pool size: undefined/unknown
	Maximum pool size: undefined/unknown
2025-05-01T13:58:23.186+05:30  INFO 12784 --- [demo] [main] o.h.e.t.j.p.i.JtaPlatformInitiator       : HHH000489: No JTA platform available (set 'hibernate.transaction.jta.platform' to enable JTA platform integration)
2025-05-01T13:58:23.241+05:30  INFO 12784 --- [demo] [main] j.LocalContainerEntityManagerFactoryBean : Initialized JPA EntityManagerFactory for persistence unit 'default'
2025-05-01T13:58:23.477+05:30  WARN 12784 --- [demo] [main] JpaBaseConfiguration$JpaWebConfiguration : spring.jpa.open-in-view is enabled by default. Therefore, database queries may be performed during view rendering. Explicitly configure spring.jpa.open-in-view to disable this warning
2025-05-01T13:58:23.835+05:30  INFO 12784 --- [demo] [main] o.s.b.w.embedded.tomcat.TomcatWebServer  : Tomcat started on port 8080 (http) with context path '/'
2025-05-01T13:58:23.837+05:30  INFO 12784 --- [demo] [main] com.example.demo.DemoApplication         : Started DemoApplication in 3.953 seconds (process running for 4.265)
2025-05-01T13:58:27.047+05:30  INFO 12784 --- [demo] [http-nio-8080-exec-2] o.a.c.c.C.[Tomcat].[localhost].[/]       : Initializing Spring DispatcherServlet 'dispatcherServlet'
2025-05-01T13:58:27.047+05:30  INFO 12784 --- [demo] [http-nio-8080-exec-2] o.s.web.servlet.DispatcherServlet        : Initializing Servlet 'dispatcherServlet'
2025-05-01T13:58:27.049+05:30  INFO 12784 --- [demo] [http-nio-8080-exec-2] o.s.web.servlet.DispatcherServlet        : Completed initialization in 2 ms
2025-05-01T13:58:27.174+05:30  INFO 12784 --- [demo] [http-nio-8080-exec-2] c.e.demo.controller.ApiRestController    : 1
2025-05-01T13:58:27.174+05:30  INFO 12784 --- [demo] [http-nio-8080-exec-2] c.e.demo.controller.ApiRestController    : manthan
2025-05-01T13:58:27.174+05:30  INFO 12784 --- [demo] [http-nio-8080-exec-2] c.e.demo.controller.ApiRestController    : null
2025-05-01T13:58:27.176+05:30  INFO 12784 --- [demo] [http-nio-8080-exec-2] c.e.demo.controller.ApiRestController    : updating post adding Comment
2025-05-01T13:58:27.289+05:30  INFO 12784 --- [demo] [http-nio-8080-exec-2] c.e.demo.controller.ApiRestController    :  Comment added successfully
2025-05-01T14:07:50.214+05:30  INFO 12272 --- [demo] [main] com.example.demo.DemoApplication         : Starting DemoApplication using Java 21.0.4 with PID 12272 (D:\spring boot project vs-code\demo\target\classes started by Pratik in d:\spring boot project vs-code\demo)
2025-05-01T14:07:50.217+05:30  INFO 12272 --- [demo] [main] com.example.demo.DemoApplication         : No active profile set, falling back to 1 default profile: "default"
2025-05-01T14:07:50.841+05:30  INFO 12272 --- [demo] [main] .s.d.r.c.RepositoryConfigurationDelegate : Bootstrapping Spring Data JPA repositories in DEFAULT mode.
2025-05-01T14:07:50.906+05:30  INFO 12272 --- [demo] [main] .s.d.r.c.RepositoryConfigurationDelegate : Finished Spring Data repository scanning in 51 ms. Found 2 JPA repository interfaces.
2025-05-01T14:07:51.308+05:30  INFO 12272 --- [demo] [main] o.s.b.w.embedded.tomcat.TomcatWebServer  : Tomcat initialized with port 8080 (http)
2025-05-01T14:07:51.320+05:30  INFO 12272 --- [demo] [main] o.apache.catalina.core.StandardService   : Starting service [Tomcat]
2025-05-01T14:07:51.321+05:30  INFO 12272 --- [demo] [main] o.apache.catalina.core.StandardEngine    : Starting Servlet engine: [Apache Tomcat/10.1.40]
2025-05-01T14:07:51.370+05:30  INFO 12272 --- [demo] [main] o.a.c.c.C.[Tomcat].[localhost].[/]       : Initializing Spring embedded WebApplicationContext
2025-05-01T14:07:51.371+05:30  INFO 12272 --- [demo] [main] w.s.c.ServletWebServerApplicationContext : Root WebApplicationContext: initialization completed in 1112 ms
2025-05-01T14:07:51.530+05:30  INFO 12272 --- [demo] [main] o.hibernate.jpa.internal.util.LogHelper  : HHH000204: Processing PersistenceUnitInfo [name: default]
2025-05-01T14:07:51.590+05:30  INFO 12272 --- [demo] [main] org.hibernate.Version                    : HHH000412: Hibernate ORM core version 6.6.13.Final
2025-05-01T14:07:51.621+05:30  INFO 12272 --- [demo] [main] o.h.c.internal.RegionFactoryInitiator    : HHH000026: Second-level cache disabled
2025-05-01T14:07:51.874+05:30  INFO 12272 --- [demo] [main] o.s.o.j.p.SpringPersistenceUnitInfo      : No LoadTimeWeaver setup: ignoring JPA class transformer
2025-05-01T14:07:51.902+05:30  INFO 12272 --- [demo] [main] com.zaxxer.hikari.HikariDataSource       : HikariPool-1 - Starting...
2025-05-01T14:07:52.214+05:30  INFO 12272 --- [demo] [main] com.zaxxer.hikari.pool.HikariPool        : HikariPool-1 - Added connection com.mysql.cj.jdbc.ConnectionImpl@628962e5
2025-05-01T14:07:52.216+05:30  INFO 12272 --- [demo] [main] com.zaxxer.hikari.HikariDataSource       : HikariPool-1 - Start completed.
2025-05-01T14:07:52.288+05:30  INFO 12272 --- [demo] [main] org.hibernate.orm.connections.pooling    : HHH10001005: Database info:
	Database JDBC URL [Connecting through datasource 'HikariDataSource (HikariPool-1)']
	Database driver: undefined/unknown
	Database version: 8.0.40
	Autocommit mode: undefined/unknown
	Isolation level: undefined/unknown
	Minimum pool size: undefined/unknown
	Maximum pool size: undefined/unknown
2025-05-01T14:07:53.082+05:30  INFO 12272 --- [demo] [main] o.h.e.t.j.p.i.JtaPlatformInitiator       : HHH000489: No JTA platform available (set 'hibernate.transaction.jta.platform' to enable JTA platform integration)
2025-05-01T14:07:53.137+05:30  INFO 12272 --- [demo] [main] j.LocalContainerEntityManagerFactoryBean : Initialized JPA EntityManagerFactory for persistence unit 'default'
2025-05-01T14:07:53.356+05:30  WARN 12272 --- [demo] [main] JpaBaseConfiguration$JpaWebConfiguration : spring.jpa.open-in-view is enabled by default. Therefore, database queries may be performed during view rendering. Explicitly configure spring.jpa.open-in-view to disable this warning
2025-05-01T14:07:53.697+05:30  INFO 12272 --- [demo] [main] o.s.b.w.embedded.tomcat.TomcatWebServer  : Tomcat started on port 8080 (http) with context path '/'
2025-05-01T14:07:53.705+05:30  INFO 12272 --- [demo] [main] com.example.demo.DemoApplication         : Started DemoApplication in 3.885 seconds (process running for 4.915)
2025-05-01T14:07:58.168+05:30  INFO 12272 --- [demo] [http-nio-8080-exec-3] o.a.c.c.C.[Tomcat].[localhost].[/]       : Initializing Spring DispatcherServlet 'dispatcherServlet'
2025-05-01T14:07:58.169+05:30  INFO 12272 --- [demo] [http-nio-8080-exec-3] o.s.web.servlet.DispatcherServlet        : Initializing Servlet 'dispatcherServlet'
2025-05-01T14:07:58.171+05:30  INFO 12272 --- [demo] [http-nio-8080-exec-3] o.s.web.servlet.DispatcherServlet        : Completed initialization in 2 ms
2025-05-01T14:07:58.203+05:30  WARN 12272 --- [demo] [http-nio-8080-exec-3] .w.s.m.s.DefaultHandlerExceptionResolver : Resolved [org.springframework.web.HttpRequestMethodNotSupportedException: Request method 'GET' is not supported]
2025-05-01T14:08:04.729+05:30  INFO 12272 --- [demo] [http-nio-8080-exec-2] c.e.demo.controller.ApiRestController    : 1
2025-05-01T14:08:04.729+05:30  INFO 12272 --- [demo] [http-nio-8080-exec-2] c.e.demo.controller.ApiRestController    : manthan
2025-05-01T14:08:04.730+05:30  INFO 12272 --- [demo] [http-nio-8080-exec-2] c.e.demo.controller.ApiRestController    : null
2025-05-01T14:08:04.730+05:30  INFO 12272 --- [demo] [http-nio-8080-exec-2] c.e.demo.controller.ApiRestController    : updating post adding Comment
2025-05-01T14:08:04.801+05:30 ERROR 12272 --- [demo] [http-nio-8080-exec-2] o.a.c.c.C.[.[.[/].[dispatcherServlet]    : Servlet.service() for servlet [dispatcherServlet] in context with path [] threw exception [Request processing failed: java.lang.IllegalArgumentException: Post comment cannot be null or empty.] with root cause

java.lang.IllegalArgumentException: Post comment cannot be null or empty.
	at com.example.demo.service.PostServiceImpl.updatePost(PostServiceImpl.java:61) ~[classes/:na]
	at com.example.demo.controller.ApiRestController.addcomment(ApiRestController.java:58) ~[classes/:na]
	at java.base/jdk.internal.reflect.DirectMethodHandleAccessor.invoke(DirectMethodHandleAccessor.java:103) ~[na:na]
	at java.base/java.lang.reflect.Method.invoke(Method.java:580) ~[na:na]
	at org.springframework.web.method.support.InvocableHandlerMethod.doInvoke(InvocableHandlerMethod.java:258) ~[spring-web-6.2.6.jar:6.2.6]
	at org.springframework.web.method.support.InvocableHandlerMethod.invokeForRequest(InvocableHandlerMethod.java:191) ~[spring-web-6.2.6.jar:6.2.6]
	at org.springframework.web.servlet.mvc.method.annotation.ServletInvocableHandlerMethod.invokeAndHandle(ServletInvocableHandlerMethod.java:118) ~[spring-webmvc-6.2.6.jar:6.2.6]
	at org.springframework.web.servlet.mvc.method.annotation.RequestMappingHandlerAdapter.invokeHandlerMethod(RequestMappingHandlerAdapter.java:986) ~[spring-webmvc-6.2.6.jar:6.2.6]
	at org.springframework.web.servlet.mvc.method.annotation.RequestMappingHandlerAdapter.handleInternal(RequestMappingHandlerAdapter.java:891) ~[spring-webmvc-6.2.6.jar:6.2.6]
	at org.springframework.web.servlet.mvc.method.AbstractHandlerMethodAdapter.handle(AbstractHandlerMethodAdapter.java:87) ~[spring-webmvc-6.2.6.jar:6.2.6]
	at org.springframework.web.servlet.DispatcherServlet.doDispatch(DispatcherServlet.java:1089) ~[spring-webmvc-6.2.6.jar:6.2.6]
	at org.springframework.web.servlet.DispatcherServlet.doService(DispatcherServlet.java:979) ~[spring-webmvc-6.2.6.jar:6.2.6]
	at org.springframework.web.servlet.FrameworkServlet.processRequest(FrameworkServlet.java:1014) ~[spring-webmvc-6.2.6.jar:6.2.6]
	at org.springframework.web.servlet.FrameworkServlet.doPost(FrameworkServlet.java:914) ~[spring-webmvc-6.2.6.jar:6.2.6]
	at jakarta.servlet.http.HttpServlet.service(HttpServlet.java:590) ~[tomcat-embed-core-10.1.40.jar:6.0]
	at org.springframework.web.servlet.FrameworkServlet.service(FrameworkServlet.java:885) ~[spring-webmvc-6.2.6.jar:6.2.6]
	at jakarta.servlet.http.HttpServlet.service(HttpServlet.java:658) ~[tomcat-embed-core-10.1.40.jar:6.0]
	at org.apache.catalina.core.ApplicationFilterChain.internalDoFilter(ApplicationFilterChain.java:195) ~[tomcat-embed-core-10.1.40.jar:10.1.40]
	at org.apache.catalina.core.ApplicationFilterChain.doFilter(ApplicationFilterChain.java:140) ~[tomcat-embed-core-10.1.40.jar:10.1.40]
	at org.apache.tomcat.websocket.server.WsFilter.doFilter(WsFilter.java:51) ~[tomcat-embed-websocket-10.1.40.jar:10.1.40]
	at org.apache.catalina.core.ApplicationFilterChain.internalDoFilter(ApplicationFilterChain.java:164) ~[tomcat-embed-core-10.1.40.jar:10.1.40]
	at org.apache.catalina.core.ApplicationFilterChain.doFilter(ApplicationFilterChain.java:140) ~[tomcat-embed-core-10.1.40.jar:10.1.40]
	at org.springframework.web.filter.RequestContextFilter.doFilterInternal(RequestContextFilter.java:100) ~[spring-web-6.2.6.jar:6.2.6]
	at org.springframework.web.filter.OncePerRequestFilter.doFilter(OncePerRequestFilter.java:116) ~[spring-web-6.2.6.jar:6.2.6]
	at org.apache.catalina.core.ApplicationFilterChain.internalDoFilter(ApplicationFilterChain.java:164) ~[tomcat-embed-core-10.1.40.jar:10.1.40]
	at org.apache.catalina.core.ApplicationFilterChain.doFilter(ApplicationFilterChain.java:140) ~[tomcat-embed-core-10.1.40.jar:10.1.40]
	at org.springframework.web.filter.FormContentFilter.doFilterInternal(FormContentFilter.java:93) ~[spring-web-6.2.6.jar:6.2.6]
	at org.springframework.web.filter.OncePerRequestFilter.doFilter(OncePerRequestFilter.java:116) ~[spring-web-6.2.6.jar:6.2.6]
	at org.apache.catalina.core.ApplicationFilterChain.internalDoFilter(ApplicationFilterChain.java:164) ~[tomcat-embed-core-10.1.40.jar:10.1.40]
	at org.apache.catalina.core.ApplicationFilterChain.doFilter(ApplicationFilterChain.java:140) ~[tomcat-embed-core-10.1.40.jar:10.1.40]
	at org.springframework.web.filter.CharacterEncodingFilter.doFilterInternal(CharacterEncodingFilter.java:201) ~[spring-web-6.2.6.jar:6.2.6]
	at org.springframework.web.filter.OncePerRequestFilter.doFilter(OncePerRequestFilter.java:116) ~[spring-web-6.2.6.jar:6.2.6]
	at org.apache.catalina.core.ApplicationFilterChain.internalDoFilter(ApplicationFilterChain.java:164) ~[tomcat-embed-core-10.1.40.jar:10.1.40]
	at org.apache.catalina.core.ApplicationFilterChain.doFilter(ApplicationFilterChain.java:140) ~[tomcat-embed-core-10.1.40.jar:10.1.40]
	at org.apache.catalina.core.StandardWrapperValve.invoke(StandardWrapperValve.java:167) ~[tomcat-embed-core-10.1.40.jar:10.1.40]
	at org.apache.catalina.core.StandardContextValve.invoke(StandardContextValve.java:90) ~[tomcat-embed-core-10.1.40.jar:10.1.40]
	at org.apache.catalina.authenticator.AuthenticatorBase.invoke(AuthenticatorBase.java:483) ~[tomcat-embed-core-10.1.40.jar:10.1.40]
	at org.apache.catalina.core.StandardHostValve.invoke(StandardHostValve.java:116) ~[tomcat-embed-core-10.1.40.jar:10.1.40]
	at org.apache.catalina.valves.ErrorReportValve.invoke(ErrorReportValve.java:93) ~[tomcat-embed-core-10.1.40.jar:10.1.40]
	at org.apache.catalina.core.StandardEngineValve.invoke(StandardEngineValve.java:74) ~[tomcat-embed-core-10.1.40.jar:10.1.40]
	at org.apache.catalina.connector.CoyoteAdapter.service(CoyoteAdapter.java:344) ~[tomcat-embed-core-10.1.40.jar:10.1.40]
	at org.apache.coyote.http11.Http11Processor.service(Http11Processor.java:398) ~[tomcat-embed-core-10.1.40.jar:10.1.40]
	at org.apache.coyote.AbstractProcessorLight.process(AbstractProcessorLight.java:63) ~[tomcat-embed-core-10.1.40.jar:10.1.40]
	at org.apache.coyote.AbstractProtocol$ConnectionHandler.process(AbstractProtocol.java:903) ~[tomcat-embed-core-10.1.40.jar:10.1.40]
	at org.apache.tomcat.util.net.NioEndpoint$SocketProcessor.doRun(NioEndpoint.java:1740) ~[tomcat-embed-core-10.1.40.jar:10.1.40]
	at org.apache.tomcat.util.net.SocketProcessorBase.run(SocketProcessorBase.java:52) ~[tomcat-embed-core-10.1.40.jar:10.1.40]
	at org.apache.tomcat.util.threads.ThreadPoolExecutor.runWorker(ThreadPoolExecutor.java:1189) ~[tomcat-embed-core-10.1.40.jar:10.1.40]
	at org.apache.tomcat.util.threads.ThreadPoolExecutor$Worker.run(ThreadPoolExecutor.java:658) ~[tomcat-embed-core-10.1.40.jar:10.1.40]
	at org.apache.tomcat.util.threads.TaskThread$WrappingRunnable.run(TaskThread.java:63) ~[tomcat-embed-core-10.1.40.jar:10.1.40]
	at java.base/java.lang.Thread.run(Thread.java:1583) ~[na:na]

2025-05-01T14:09:29.959+05:30  INFO 12272 --- [demo] [http-nio-8080-exec-4] c.e.demo.controller.ApiRestController    : 1
2025-05-01T14:09:29.960+05:30  INFO 12272 --- [demo] [http-nio-8080-exec-4] c.e.demo.controller.ApiRestController    : manthan
2025-05-01T14:09:29.960+05:30  INFO 12272 --- [demo] [http-nio-8080-exec-4] c.e.demo.controller.ApiRestController    : manthan is pagal
2025-05-01T14:09:29.962+05:30  INFO 12272 --- [demo] [http-nio-8080-exec-4] c.e.demo.controller.ApiRestController    : updating post adding Comment
2025-05-01T14:09:30.013+05:30  INFO 12272 --- [demo] [http-nio-8080-exec-4] c.e.demo.controller.ApiRestController    :  Comment added successfully
2025-05-01T14:11:08.598+05:30  INFO 12164 --- [demo] [main] com.example.demo.DemoApplication         : Starting DemoApplication using Java 21.0.4 with PID 12164 (D:\spring boot project vs-code\demo\target\classes started by Pratik in D:\spring boot project vs-code\demo)
2025-05-01T14:11:08.600+05:30  INFO 12164 --- [demo] [main] com.example.demo.DemoApplication         : No active profile set, falling back to 1 default profile: "default"
2025-05-01T14:11:09.205+05:30  INFO 12164 --- [demo] [main] .s.d.r.c.RepositoryConfigurationDelegate : Bootstrapping Spring Data JPA repositories in DEFAULT mode.
2025-05-01T14:11:09.274+05:30  INFO 12164 --- [demo] [main] .s.d.r.c.RepositoryConfigurationDelegate : Finished Spring Data repository scanning in 60 ms. Found 2 JPA repository interfaces.
2025-05-01T14:11:09.767+05:30  INFO 12164 --- [demo] [main] o.s.b.w.embedded.tomcat.TomcatWebServer  : Tomcat initialized with port 8080 (http)
2025-05-01T14:11:09.788+05:30  INFO 12164 --- [demo] [main] o.apache.catalina.core.StandardService   : Starting service [Tomcat]
2025-05-01T14:11:09.789+05:30  INFO 12164 --- [demo] [main] o.apache.catalina.core.StandardEngine    : Starting Servlet engine: [Apache Tomcat/10.1.40]
2025-05-01T14:11:09.838+05:30  INFO 12164 --- [demo] [main] o.a.c.c.C.[Tomcat].[localhost].[/]       : Initializing Spring embedded WebApplicationContext
2025-05-01T14:11:09.839+05:30  INFO 12164 --- [demo] [main] w.s.c.ServletWebServerApplicationContext : Root WebApplicationContext: initialization completed in 1195 ms
2025-05-01T14:11:09.985+05:30  INFO 12164 --- [demo] [main] o.hibernate.jpa.internal.util.LogHelper  : HHH000204: Processing PersistenceUnitInfo [name: default]
2025-05-01T14:11:10.028+05:30  INFO 12164 --- [demo] [main] org.hibernate.Version                    : HHH000412: Hibernate ORM core version 6.6.13.Final
2025-05-01T14:11:10.066+05:30  INFO 12164 --- [demo] [main] o.h.c.internal.RegionFactoryInitiator    : HHH000026: Second-level cache disabled
2025-05-01T14:11:10.308+05:30  INFO 12164 --- [demo] [main] o.s.o.j.p.SpringPersistenceUnitInfo      : No LoadTimeWeaver setup: ignoring JPA class transformer
2025-05-01T14:11:10.338+05:30  INFO 12164 --- [demo] [main] com.zaxxer.hikari.HikariDataSource       : HikariPool-1 - Starting...
2025-05-01T14:11:10.671+05:30  INFO 12164 --- [demo] [main] com.zaxxer.hikari.pool.HikariPool        : HikariPool-1 - Added connection com.mysql.cj.jdbc.ConnectionImpl@56d822dc
2025-05-01T14:11:10.673+05:30  INFO 12164 --- [demo] [main] com.zaxxer.hikari.HikariDataSource       : HikariPool-1 - Start completed.
2025-05-01T14:11:10.749+05:30  INFO 12164 --- [demo] [main] org.hibernate.orm.connections.pooling    : HHH10001005: Database info:
	Database JDBC URL [Connecting through datasource 'HikariDataSource (HikariPool-1)']
	Database driver: undefined/unknown
	Database version: 8.0.40
	Autocommit mode: undefined/unknown
	Isolation level: undefined/unknown
	Minimum pool size: undefined/unknown
	Maximum pool size: undefined/unknown
2025-05-01T14:11:11.507+05:30  INFO 12164 --- [demo] [main] o.h.e.t.j.p.i.JtaPlatformInitiator       : HHH000489: No JTA platform available (set 'hibernate.transaction.jta.platform' to enable JTA platform integration)
2025-05-01T14:11:11.563+05:30  INFO 12164 --- [demo] [main] j.LocalContainerEntityManagerFactoryBean : Initialized JPA EntityManagerFactory for persistence unit 'default'
2025-05-01T14:11:11.797+05:30  WARN 12164 --- [demo] [main] JpaBaseConfiguration$JpaWebConfiguration : spring.jpa.open-in-view is enabled by default. Therefore, database queries may be performed during view rendering. Explicitly configure spring.jpa.open-in-view to disable this warning
2025-05-01T14:11:12.129+05:30  INFO 12164 --- [demo] [main] o.s.b.w.embedded.tomcat.TomcatWebServer  : Tomcat started on port 8080 (http) with context path '/'
2025-05-01T14:11:12.138+05:30  INFO 12164 --- [demo] [main] com.example.demo.DemoApplication         : Started DemoApplication in 4.029 seconds (process running for 4.51)
2025-05-01T14:12:24.714+05:30  INFO 12164 --- [demo] [http-nio-8080-exec-2] o.a.c.c.C.[Tomcat].[localhost].[/]       : Initializing Spring DispatcherServlet 'dispatcherServlet'
2025-05-01T14:12:24.714+05:30  INFO 12164 --- [demo] [http-nio-8080-exec-2] o.s.web.servlet.DispatcherServlet        : Initializing Servlet 'dispatcherServlet'
2025-05-01T14:12:24.716+05:30  INFO 12164 --- [demo] [http-nio-8080-exec-2] o.s.web.servlet.DispatcherServlet        : Completed initialization in 0 ms
2025-05-01T14:12:24.730+05:30  WARN 12164 --- [demo] [http-nio-8080-exec-2] .w.s.m.s.DefaultHandlerExceptionResolver : Resolved [org.springframework.web.HttpRequestMethodNotSupportedException: Request method 'DELETE' is not supported]
2025-05-01T14:12:44.348+05:30  INFO 12164 --- [demo] [http-nio-8080-exec-3] c.e.demo.controller.ApiRestController    : id :1
2025-05-01T14:17:34.768+05:30  INFO 12768 --- [demo] [main] com.example.demo.DemoApplication         : Starting DemoApplication using Java 21.0.4 with PID 12768 (D:\spring boot project vs-code\demo\target\classes started by Pratik in d:\spring boot project vs-code\demo)
2025-05-01T14:17:34.771+05:30  INFO 12768 --- [demo] [main] com.example.demo.DemoApplication         : No active profile set, falling back to 1 default profile: "default"
2025-05-01T14:17:35.367+05:30  INFO 12768 --- [demo] [main] .s.d.r.c.RepositoryConfigurationDelegate : Bootstrapping Spring Data JPA repositories in DEFAULT mode.
2025-05-01T14:17:35.435+05:30  INFO 12768 --- [demo] [main] .s.d.r.c.RepositoryConfigurationDelegate : Finished Spring Data repository scanning in 51 ms. Found 2 JPA repository interfaces.
2025-05-01T14:17:35.834+05:30  INFO 12768 --- [demo] [main] o.s.b.w.embedded.tomcat.TomcatWebServer  : Tomcat initialized with port 8080 (http)
2025-05-01T14:17:35.856+05:30  INFO 12768 --- [demo] [main] o.apache.catalina.core.StandardService   : Starting service [Tomcat]
2025-05-01T14:17:35.856+05:30  INFO 12768 --- [demo] [main] o.apache.catalina.core.StandardEngine    : Starting Servlet engine: [Apache Tomcat/10.1.40]
2025-05-01T14:17:35.901+05:30  INFO 12768 --- [demo] [main] o.a.c.c.C.[Tomcat].[localhost].[/]       : Initializing Spring embedded WebApplicationContext
2025-05-01T14:17:35.901+05:30  INFO 12768 --- [demo] [main] w.s.c.ServletWebServerApplicationContext : Root WebApplicationContext: initialization completed in 1097 ms
2025-05-01T14:17:36.050+05:30  INFO 12768 --- [demo] [main] o.hibernate.jpa.internal.util.LogHelper  : HHH000204: Processing PersistenceUnitInfo [name: default]
2025-05-01T14:17:36.087+05:30  INFO 12768 --- [demo] [main] org.hibernate.Version                    : HHH000412: Hibernate ORM core version 6.6.13.Final
2025-05-01T14:17:36.118+05:30  INFO 12768 --- [demo] [main] o.h.c.internal.RegionFactoryInitiator    : HHH000026: Second-level cache disabled
2025-05-01T14:17:36.361+05:30  INFO 12768 --- [demo] [main] o.s.o.j.p.SpringPersistenceUnitInfo      : No LoadTimeWeaver setup: ignoring JPA class transformer
2025-05-01T14:17:36.401+05:30  INFO 12768 --- [demo] [main] com.zaxxer.hikari.HikariDataSource       : HikariPool-1 - Starting...
2025-05-01T14:17:36.710+05:30  INFO 12768 --- [demo] [main] com.zaxxer.hikari.pool.HikariPool        : HikariPool-1 - Added connection com.mysql.cj.jdbc.ConnectionImpl@7d1cb59f
2025-05-01T14:17:36.710+05:30  INFO 12768 --- [demo] [main] com.zaxxer.hikari.HikariDataSource       : HikariPool-1 - Start completed.
2025-05-01T14:17:36.784+05:30  INFO 12768 --- [demo] [main] org.hibernate.orm.connections.pooling    : HHH10001005: Database info:
	Database JDBC URL [Connecting through datasource 'HikariDataSource (HikariPool-1)']
	Database driver: undefined/unknown
	Database version: 8.0.40
	Autocommit mode: undefined/unknown
	Isolation level: undefined/unknown
	Minimum pool size: undefined/unknown
	Maximum pool size: undefined/unknown
2025-05-01T14:17:37.524+05:30  INFO 12768 --- [demo] [main] o.h.e.t.j.p.i.JtaPlatformInitiator       : HHH000489: No JTA platform available (set 'hibernate.transaction.jta.platform' to enable JTA platform integration)
2025-05-01T14:17:37.568+05:30  INFO 12768 --- [demo] [main] j.LocalContainerEntityManagerFactoryBean : Initialized JPA EntityManagerFactory for persistence unit 'default'
2025-05-01T14:17:37.806+05:30  WARN 12768 --- [demo] [main] JpaBaseConfiguration$JpaWebConfiguration : spring.jpa.open-in-view is enabled by default. Therefore, database queries may be performed during view rendering. Explicitly configure spring.jpa.open-in-view to disable this warning
2025-05-01T14:17:38.163+05:30  INFO 12768 --- [demo] [main] o.s.b.w.embedded.tomcat.TomcatWebServer  : Tomcat started on port 8080 (http) with context path '/'
2025-05-01T14:17:38.172+05:30  INFO 12768 --- [demo] [main] com.example.demo.DemoApplication         : Started DemoApplication in 3.819 seconds (process running for 4.525)
2025-05-01T14:17:46.439+05:30  INFO 12768 --- [demo] [http-nio-8080-exec-1] o.a.c.c.C.[Tomcat].[localhost].[/]       : Initializing Spring DispatcherServlet 'dispatcherServlet'
2025-05-01T14:17:46.439+05:30  INFO 12768 --- [demo] [http-nio-8080-exec-1] o.s.web.servlet.DispatcherServlet        : Initializing Servlet 'dispatcherServlet'
2025-05-01T14:17:46.439+05:30  INFO 12768 --- [demo] [http-nio-8080-exec-1] o.s.web.servlet.DispatcherServlet        : Completed initialization in 0 ms
2025-05-01T14:17:46.514+05:30  INFO 12768 --- [demo] [http-nio-8080-exec-1] c.e.demo.controller.ApiRestController    : id :1
2025-05-01T14:17:46.514+05:30  INFO 12768 --- [demo] [http-nio-8080-exec-1] c.e.demo.controller.TestController       : deletePost called
2025-05-01T14:17:46.567+05:30  INFO 12768 --- [demo] [http-nio-8080-exec-1] c.e.demo.controller.TestController       : deleting post 
2025-05-01T14:17:46.602+05:30  INFO 12768 --- [demo] [http-nio-8080-exec-1] c.e.demo.controller.TestController       : deleted post successfully
