2025-02-03T00:01:21.542+05:30  INFO 4212 --- [main] com.jacson.demo.DemoApplication          : Starting DemoApplication using Java 21.0.4 with PID 4212 (D:\intellij java project\demo\target\classes started by Pratik in D:\intellij java project\demo)
2025-02-03T00:01:21.552+05:30  INFO 4212 --- [main] com.jacson.demo.DemoApplication          : No active profile set, falling back to 1 default profile: "default"
2025-02-03T00:01:22.382+05:30  INFO 4212 --- [main] o.s.b.w.embedded.tomcat.TomcatWebServer  : Tomcat initialized with port 8080 (http)
2025-02-03T00:01:22.395+05:30  INFO 4212 --- [main] o.apache.catalina.core.StandardService   : Starting service [Tomcat]
2025-02-03T00:01:22.395+05:30  INFO 4212 --- [main] o.apache.catalina.core.StandardEngine    : Starting Servlet engine: [Apache Tomcat/10.1.34]
2025-02-03T00:01:22.435+05:30  INFO 4212 --- [main] o.a.c.c.C.[Tomcat].[localhost].[/]       : Initializing Spring embedded WebApplicationContext
2025-02-03T00:01:22.435+05:30  INFO 4212 --- [main] w.s.c.ServletWebServerApplicationContext : Root WebApplicationContext: initialization completed in 841 ms
2025-02-03T00:01:22.915+05:30  INFO 4212 --- [main] r$InitializeUserDetailsManagerConfigurer : Global AuthenticationManager configured with UserDetailsService bean with name userDetailsService
2025-02-03T00:01:23.046+05:30  INFO 4212 --- [main] o.s.b.w.embedded.tomcat.TomcatWebServer  : Tomcat started on port 8080 (http) with context path '/'
2025-02-03T00:01:23.055+05:30  INFO 4212 --- [main] com.jacson.demo.DemoApplication          : Started DemoApplication in 1.931 seconds (process running for 2.256)
2025-02-03T00:01:32.140+05:30  INFO 4212 --- [http-nio-8080-exec-1] o.a.c.c.C.[Tomcat].[localhost].[/]       : Initializing Spring DispatcherServlet 'dispatcherServlet'
2025-02-03T00:01:32.141+05:30  INFO 4212 --- [http-nio-8080-exec-1] o.s.web.servlet.DispatcherServlet        : Initializing Servlet 'dispatcherServlet'
2025-02-03T00:01:32.141+05:30  INFO 4212 --- [http-nio-8080-exec-1] o.s.web.servlet.DispatcherServlet        : Completed initialization in 0 ms
2025-02-03T00:02:30.967+05:30  INFO 4212 --- [SpringApplicationShutdownHook] o.s.b.w.e.tomcat.GracefulShutdown        : Commencing graceful shutdown. Waiting for active requests to complete
2025-02-03T00:02:30.971+05:30  INFO 4212 --- [tomcat-shutdown] o.s.b.w.e.tomcat.GracefulShutdown        : Graceful shutdown complete
2025-02-03T23:29:40.947+05:30  INFO 9728 --- [main] com.jacson.demo.DemoApplication          : Starting DemoApplication using Java 21.0.4 with PID 9728 (D:\intellij java project\demo\target\classes started by Pratik in D:\intellij java project\demo)
2025-02-03T23:29:40.949+05:30  INFO 9728 --- [main] com.jacson.demo.DemoApplication          : No active profile set, falling back to 1 default profile: "default"
2025-02-03T23:29:41.926+05:30  INFO 9728 --- [main] o.s.b.w.embedded.tomcat.TomcatWebServer  : Tomcat initialized with port 8080 (http)
2025-02-03T23:29:41.941+05:30  INFO 9728 --- [main] o.apache.catalina.core.StandardService   : Starting service [Tomcat]
2025-02-03T23:29:41.942+05:30  INFO 9728 --- [main] o.apache.catalina.core.StandardEngine    : Starting Servlet engine: [Apache Tomcat/10.1.34]
2025-02-03T23:29:41.992+05:30  INFO 9728 --- [main] o.a.c.c.C.[Tomcat].[localhost].[/]       : Initializing Spring embedded WebApplicationContext
2025-02-03T23:29:41.992+05:30  INFO 9728 --- [main] w.s.c.ServletWebServerApplicationContext : Root WebApplicationContext: initialization completed in 996 ms
2025-02-03T23:29:42.342+05:30  INFO 9728 --- [main] o.s.b.w.embedded.tomcat.TomcatWebServer  : Tomcat started on port 8080 (http) with context path '/'
2025-02-03T23:29:42.348+05:30  INFO 9728 --- [main] com.jacson.demo.DemoApplication          : Started DemoApplication in 1.869 seconds (process running for 2.359)
2025-02-03T23:30:02.742+05:30  INFO 9728 --- [http-nio-8080-exec-1] o.a.c.c.C.[Tomcat].[localhost].[/]       : Initializing Spring DispatcherServlet 'dispatcherServlet'
2025-02-03T23:30:02.742+05:30  INFO 9728 --- [http-nio-8080-exec-1] o.s.web.servlet.DispatcherServlet        : Initializing Servlet 'dispatcherServlet'
2025-02-03T23:30:02.742+05:30  INFO 9728 --- [http-nio-8080-exec-1] o.s.web.servlet.DispatcherServlet        : Completed initialization in 0 ms
2025-02-03T23:30:19.664+05:30  INFO 9728 --- [SpringApplicationShutdownHook] o.s.b.w.e.tomcat.GracefulShutdown        : Commencing graceful shutdown. Waiting for active requests to complete
2025-02-03T23:30:19.680+05:30  INFO 9728 --- [tomcat-shutdown] o.s.b.w.e.tomcat.GracefulShutdown        : Graceful shutdown complete
2025-02-03T23:30:26.082+05:30  INFO 9576 --- [main] com.jacson.demo.DemoApplication          : Starting DemoApplication using Java 21.0.4 with PID 9576 (D:\intellij java project\demo\target\classes started by Pratik in D:\intellij java project\demo)
2025-02-03T23:30:26.084+05:30  INFO 9576 --- [main] com.jacson.demo.DemoApplication          : No active profile set, falling back to 1 default profile: "default"
2025-02-03T23:30:26.839+05:30  INFO 9576 --- [main] o.s.b.w.embedded.tomcat.TomcatWebServer  : Tomcat initialized with port 8080 (http)
2025-02-03T23:30:26.839+05:30  INFO 9576 --- [main] o.apache.catalina.core.StandardService   : Starting service [Tomcat]
2025-02-03T23:30:26.854+05:30  INFO 9576 --- [main] o.apache.catalina.core.StandardEngine    : Starting Servlet engine: [Apache Tomcat/10.1.34]
2025-02-03T23:30:26.899+05:30  INFO 9576 --- [main] o.a.c.c.C.[Tomcat].[localhost].[/]       : Initializing Spring embedded WebApplicationContext
2025-02-03T23:30:26.900+05:30  INFO 9576 --- [main] w.s.c.ServletWebServerApplicationContext : Root WebApplicationContext: initialization completed in 771 ms
2025-02-03T23:30:27.230+05:30  INFO 9576 --- [main] o.s.b.w.embedded.tomcat.TomcatWebServer  : Tomcat started on port 8080 (http) with context path '/'
2025-02-03T23:30:27.239+05:30  INFO 9576 --- [main] com.jacson.demo.DemoApplication          : Started DemoApplication in 1.562 seconds (process running for 1.864)
2025-02-03T23:30:31.081+05:30  INFO 9576 --- [http-nio-8080-exec-1] o.a.c.c.C.[Tomcat].[localhost].[/]       : Initializing Spring DispatcherServlet 'dispatcherServlet'
2025-02-03T23:30:31.081+05:30  INFO 9576 --- [http-nio-8080-exec-1] o.s.web.servlet.DispatcherServlet        : Initializing Servlet 'dispatcherServlet'
2025-02-03T23:30:31.081+05:30  INFO 9576 --- [http-nio-8080-exec-1] o.s.web.servlet.DispatcherServlet        : Completed initialization in 0 ms
2025-02-03T23:30:35.118+05:30  INFO 9576 --- [SpringApplicationShutdownHook] o.s.b.w.e.tomcat.GracefulShutdown        : Commencing graceful shutdown. Waiting for active requests to complete
2025-02-03T23:30:35.118+05:30  INFO 9576 --- [tomcat-shutdown] o.s.b.w.e.tomcat.GracefulShutdown        : Graceful shutdown complete
